# JRE version: OpenJDK Runtime Environment Temurin-17.0.10+7 (17.0.10+7) (build 17.0.10+7)
# Java VM: OpenJDK 64-Bit Server VM Temurin-17.0.10+7 (17.0.10+7, mixed mode, tiered, compressed oops, compressed class ptrs, parallel gc, windows-amd64)
GC Precious Log:
 CPUs: 4 total, 4 available
 Memory: 16222M
 Large Page Support: Disabled
 NUMA Support: Disabled
 Compressed Oops: Enabled (32-bit)
 Alignments: Space 512K, Generation 512K, Heap 2M
 Heap Min Capacity: 100M
 Heap Initial Capacity: 100M
 Heap Max Capacity: 1G
 Pre-touch: Disabled
 Parallel Workers: 4
Heap:
 PSYoungGen      total 7680K, used 3257K [0x00000000eab00000, 0x00000000eb480000, 0x0000000100000000)
  eden space 6144K, 35% used [0x00000000eab00000,0x00000000ead20cd0,0x00000000eb100000)
  from space 1536K, 70% used [0x00000000eb300000,0x00000000eb40d818,0x00000000eb480000)
  to   space 1536K, 0% used [0x00000000eb180000,0x00000000eb180000,0x00000000eb300000)
 ParOldGen       total 301056K, used 244948K [0x00000000c0000000, 0x00000000d2600000, 0x00000000eab00000)
  object space 301056K, 81% used [0x00000000c0000000,0x00000000cef35060,0x00000000d2600000)
 Metaspace       used 70159K, committed 71360K, reserved 1114112K
  class space    used 7995K, committed 8512K, reserved 1048576K
GC Heap History (20 events):
Event: 172.628 GC heap before
{Heap before GC invocations=1344 (full 36):
 PSYoungGen      total 5120K, used 4323K [0x00000000eab00000, 0x00000000eb500000, 0x0000000100000000)
  eden space 2560K, 87% used [0x00000000eab00000,0x00000000ead30c70,0x00000000ead80000)
  from space 2560K, 81% used [0x00000000eb280000,0x00000000eb488000,0x00000000eb500000)
  to   space 2560K, 0% used [0x00000000eb000000,0x00000000eb000000,0x00000000eb280000)
 ParOldGen       total 301056K, used 225771K [0x00000000c0000000, 0x00000000d2600000, 0x00000000eab00000)
  object space 301056K, 74% used [0x00000000c0000000,0x00000000cdc7ade8,0x00000000d2600000)
 Metaspace       used 69912K, committed 71168K, reserved 1114112K
  class space    used 7965K, committed 8512K, reserved 1048576K
}
Event: 172.632 GC heap after
{Heap after GC invocations=1344 (full 36):
 PSYoungGen      total 5632K, used 2313K [0x00000000eab00000, 0x00000000eb300000, 0x0000000100000000)
  eden space 3072K, 0% used [0x00000000eab00000,0x00000000eab00000,0x00000000eae00000)
  from space 2560K, 90% used [0x00000000eb000000,0x00000000eb2427b8,0x00000000eb280000)
  to   space 512K, 0% used [0x00000000eb280000,0x00000000eb280000,0x00000000eb300000)
 ParOldGen       total 301056K, used 227827K [0x00000000c0000000, 0x00000000d2600000, 0x00000000eab00000)
  object space 301056K, 75% used [0x00000000c0000000,0x00000000cde7cde8,0x00000000d2600000)
 Metaspace       used 69912K, committed 71168K, reserved 1114112K
  class space    used 7965K, committed 8512K, reserved 1048576K
}
Event: 172.639 GC heap before
{Heap before GC invocations=1345 (full 36):
 PSYoungGen      total 5632K, used 5324K [0x00000000eab00000, 0x00000000eb300000, 0x0000000100000000)
  eden space 3072K, 97% used [0x00000000eab00000,0x00000000eadf0960,0x00000000eae00000)
  from space 2560K, 90% used [0x00000000eb000000,0x00000000eb2427b8,0x00000000eb280000)
  to   space 512K, 0% used [0x00000000eb280000,0x00000000eb280000,0x00000000eb300000)
 ParOldGen       total 301056K, used 227827K [0x00000000c0000000, 0x00000000d2600000, 0x00000000eab00000)
  object space 301056K, 75% used [0x00000000c0000000,0x00000000cde7cde8,0x00000000d2600000)
 Metaspace       used 69912K, committed 71168K, reserved 1114112K
  class space    used 7965K, committed 8512K, reserved 1048576K
}
Event: 172.643 GC heap after
{Heap after GC invocations=1345 (full 36):
 PSYoungGen      total 2048K, used 491K [0x00000000eab00000, 0x00000000ebb00000, 0x0000000100000000)
  eden space 1536K, 0% used [0x00000000eab00000,0x00000000eab00000,0x00000000eac80000)
  from space 512K, 95% used [0x00000000eb280000,0x00000000eb2fac48,0x00000000eb300000)
  to   space 6144K, 0% used [0x00000000eac80000,0x00000000eac80000,0x00000000eb280000)
 ParOldGen       total 301056K, used 232551K [0x00000000c0000000, 0x00000000d2600000, 0x00000000eab00000)
  object space 301056K, 77% used [0x00000000c0000000,0x00000000ce319cd0,0x00000000d2600000)
 Metaspace       used 69912K, committed 71168K, reserved 1114112K
  class space    used 7965K, committed 8512K, reserved 1048576K
}
Event: 172.644 GC heap before
{Heap before GC invocations=1346 (full 36):
 PSYoungGen      total 2048K, used 2027K [0x00000000eab00000, 0x00000000ebb00000, 0x0000000100000000)
  eden space 1536K, 100% used [0x00000000eab00000,0x00000000eac80000,0x00000000eac80000)
  from space 512K, 95% used [0x00000000eb280000,0x00000000eb2fac48,0x00000000eb300000)
  to   space 6144K, 0% used [0x00000000eac80000,0x00000000eac80000,0x00000000eb280000)
 ParOldGen       total 301056K, used 232551K [0x00000000c0000000, 0x00000000d2600000, 0x00000000eab00000)
  object space 301056K, 77% used [0x00000000c0000000,0x00000000ce319cd0,0x00000000d2600000)
 Metaspace       used 69912K, committed 71168K, reserved 1114112K
  class space    used 7965K, committed 8512K, reserved 1048576K
}
Event: 172.646 GC heap after
{Heap after GC invocations=1346 (full 36):
 PSYoungGen      total 3584K, used 1626K [0x00000000eab00000, 0x00000000eb300000, 0x0000000100000000)
  eden space 1536K, 0% used [0x00000000eab00000,0x00000000eab00000,0x00000000eac80000)
  from space 2048K, 79% used [0x00000000eac80000,0x00000000eae16990,0x00000000eae80000)
  to   space 3072K, 0% used [0x00000000eb000000,0x00000000eb000000,0x00000000eb300000)
 ParOldGen       total 301056K, used 233058K [0x00000000c0000000, 0x00000000d2600000, 0x00000000eab00000)
  object space 301056K, 77% used [0x00000000c0000000,0x00000000ce398918,0x00000000d2600000)
 Metaspace       used 69912K, committed 71168K, reserved 1114112K
  class space    used 7965K, committed 8512K, reserved 1048576K
}
Event: 172.649 GC heap before
{Heap before GC invocations=1347 (full 36):
 PSYoungGen      total 3584K, used 3162K [0x00000000eab00000, 0x00000000eb300000, 0x0000000100000000)
  eden space 1536K, 100% used [0x00000000eab00000,0x00000000eac80000,0x00000000eac80000)
  from space 2048K, 79% used [0x00000000eac80000,0x00000000eae16990,0x00000000eae80000)
  to   space 3072K, 0% used [0x00000000eb000000,0x00000000eb000000,0x00000000eb300000)
 ParOldGen       total 301056K, used 233058K [0x00000000c0000000, 0x00000000d2600000, 0x00000000eab00000)
  object space 301056K, 77% used [0x00000000c0000000,0x00000000ce398918,0x00000000d2600000)
 Metaspace       used 69912K, committed 71168K, reserved 1114112K
  class space    used 7965K, committed 8512K, reserved 1048576K
}
Event: 172.651 GC heap after
{Heap after GC invocations=1347 (full 36):
 PSYoungGen      total 4096K, used 1588K [0x00000000eab00000, 0x00000000eb200000, 0x0000000100000000)
  eden space 2048K, 0% used [0x00000000eab00000,0x00000000eab00000,0x00000000ead00000)
  from space 2048K, 77% used [0x00000000eb000000,0x00000000eb18d330,0x00000000eb200000)
  to   space 2048K, 0% used [0x00000000eae00000,0x00000000eae00000,0x00000000eb000000)
 ParOldGen       total 301056K, used 234210K [0x00000000c0000000, 0x00000000d2600000, 0x00000000eab00000)
  object space 301056K, 77% used [0x00000000c0000000,0x00000000ce4b8918,0x00000000d2600000)
 Metaspace       used 69912K, committed 71168K, reserved 1114112K
  class space    used 7965K, committed 8512K, reserved 1048576K
}
Event: 172.656 GC heap before
{Heap before GC invocations=1348 (full 36):
 PSYoungGen      total 4096K, used 3636K [0x00000000eab00000, 0x00000000eb200000, 0x0000000100000000)
  eden space 2048K, 100% used [0x00000000eab00000,0x00000000ead00000,0x00000000ead00000)
  from space 2048K, 77% used [0x00000000eb000000,0x00000000eb18d330,0x00000000eb200000)
  to   space 2048K, 0% used [0x00000000eae00000,0x00000000eae00000,0x00000000eb000000)
 ParOldGen       total 301056K, used 234210K [0x00000000c0000000, 0x00000000d2600000, 0x00000000eab00000)
  object space 301056K, 77% used [0x00000000c0000000,0x00000000ce4b8918,0x00000000d2600000)
 Metaspace       used 69912K, committed 71168K, reserved 1114112K
  class space    used 7965K, committed 8512K, reserved 1048576K
}
Event: 172.659 GC heap after
{Heap after GC invocations=1348 (full 36):
 PSYoungGen      total 4608K, used 2048K [0x00000000eab00000, 0x00000000eb580000, 0x0000000100000000)
  eden space 2560K, 0% used [0x00000000eab00000,0x00000000eab00000,0x00000000ead80000)
  from space 2048K, 100% used [0x00000000eae00000,0x00000000eb000000,0x00000000eb000000)
  to   space 4096K, 0% used [0x00000000eb180000,0x00000000eb180000,0x00000000eb580000)
 ParOldGen       total 301056K, used 235767K [0x00000000c0000000, 0x00000000d2600000, 0x00000000eab00000)
  object space 301056K, 78% used [0x00000000c0000000,0x00000000ce63dc48,0x00000000d2600000)
 Metaspace       used 69912K, committed 71168K, reserved 1114112K
  class space    used 7965K, committed 8512K, reserved 1048576K
}
Event: 172.665 GC heap before
{Heap before GC invocations=1349 (full 36):
 PSYoungGen      total 4608K, used 4608K [0x00000000eab00000, 0x00000000eb580000, 0x0000000100000000)
  eden space 2560K, 100% used [0x00000000eab00000,0x00000000ead80000,0x00000000ead80000)
  from space 2048K, 100% used [0x00000000eae00000,0x00000000eb000000,0x00000000eb000000)
  to   space 4096K, 0% used [0x00000000eb180000,0x00000000eb180000,0x00000000eb580000)
 ParOldGen       total 301056K, used 235767K [0x00000000c0000000, 0x00000000d2600000, 0x00000000eab00000)
  object space 301056K, 78% used [0x00000000c0000000,0x00000000ce63dc48,0x00000000d2600000)
 Metaspace       used 69912K, committed 71168K, reserved 1114112K
  class space    used 7965K, committed 8512K, reserved 1048576K
}
Event: 172.669 GC heap after
{Heap after GC invocations=1349 (full 36):
 PSYoungGen      total 6144K, used 2624K [0x00000000eab00000, 0x00000000eb480000, 0x0000000100000000)
  eden space 3072K, 0% used [0x00000000eab00000,0x00000000eab00000,0x00000000eae00000)
  from space 3072K, 85% used [0x00000000eb180000,0x00000000eb410000,0x00000000eb480000)
  to   space 3072K, 0% used [0x00000000eae80000,0x00000000eae80000,0x00000000eb180000)
 ParOldGen       total 301056K, used 237823K [0x00000000c0000000, 0x00000000d2600000, 0x00000000eab00000)
  object space 301056K, 78% used [0x00000000c0000000,0x00000000ce83fc48,0x00000000d2600000)
 Metaspace       used 69912K, committed 71168K, reserved 1114112K
  class space    used 7965K, committed 8512K, reserved 1048576K
}
Event: 172.677 GC heap before
{Heap before GC invocations=1350 (full 36):
 PSYoungGen      total 6144K, used 5627K [0x00000000eab00000, 0x00000000eb480000, 0x0000000100000000)
  eden space 3072K, 97% used [0x00000000eab00000,0x00000000eadeeec8,0x00000000eae00000)
  from space 3072K, 85% used [0x00000000eb180000,0x00000000eb410000,0x00000000eb480000)
  to   space 3072K, 0% used [0x00000000eae80000,0x00000000eae80000,0x00000000eb180000)
 ParOldGen       total 301056K, used 237823K [0x00000000c0000000, 0x00000000d2600000, 0x00000000eab00000)
  object space 301056K, 78% used [0x00000000c0000000,0x00000000ce83fc48,0x00000000d2600000)
 Metaspace       used 69912K, committed 71168K, reserved 1114112K
  class space    used 7965K, committed 8512K, reserved 1048576K
}
Event: 172.682 GC heap after
{Heap after GC invocations=1350 (full 36):
 PSYoungGen      total 6656K, used 3003K [0x00000000eab00000, 0x00000000eb600000, 0x0000000100000000)
  eden space 3584K, 0% used [0x00000000eab00000,0x00000000eab00000,0x00000000eae80000)
  from space 3072K, 97% used [0x00000000eae80000,0x00000000eb16ec70,0x00000000eb180000)
  to   space 3584K, 0% used [0x00000000eb280000,0x00000000eb280000,0x00000000eb600000)
 ParOldGen       total 301056K, used 240391K [0x00000000c0000000, 0x00000000d2600000, 0x00000000eab00000)
  object space 301056K, 79% used [0x00000000c0000000,0x00000000ceac1c48,0x00000000d2600000)
 Metaspace       used 69912K, committed 71168K, reserved 1114112K
  class space    used 7965K, committed 8512K, reserved 1048576K
}
Event: 172.775 GC heap before
{Heap before GC invocations=1351 (full 36):
 PSYoungGen      total 6656K, used 6587K [0x00000000eab00000, 0x00000000eb600000, 0x0000000100000000)
  eden space 3584K, 100% used [0x00000000eab00000,0x00000000eae80000,0x00000000eae80000)
  from space 3072K, 97% used [0x00000000eae80000,0x00000000eb16ec70,0x00000000eb180000)
  to   space 3584K, 0% used [0x00000000eb280000,0x00000000eb280000,0x00000000eb600000)
 ParOldGen       total 301056K, used 240391K [0x00000000c0000000, 0x00000000d2600000, 0x00000000eab00000)
  object space 301056K, 79% used [0x00000000c0000000,0x00000000ceac1c48,0x00000000d2600000)
 Metaspace       used 69912K, committed 71168K, reserved 1114112K
  class space    used 7965K, committed 8512K, reserved 1048576K
}
Event: 172.778 GC heap after
{Heap after GC invocations=1351 (full 36):
 PSYoungGen      total 7168K, used 2185K [0x00000000eab00000, 0x00000000eb500000, 0x0000000100000000)
  eden space 4608K, 0% used [0x00000000eab00000,0x00000000eab00000,0x00000000eaf80000)
  from space 2560K, 85% used [0x00000000eb280000,0x00000000eb4a26b0,0x00000000eb500000)
  to   space 2560K, 0% used [0x00000000eb000000,0x00000000eb000000,0x00000000eb280000)
 ParOldGen       total 301056K, used 241413K [0x00000000c0000000, 0x00000000d2600000, 0x00000000eab00000)
  object space 301056K, 80% used [0x00000000c0000000,0x00000000cebc14e8,0x00000000d2600000)
 Metaspace       used 69912K, committed 71168K, reserved 1114112K
  class space    used 7965K, committed 8512K, reserved 1048576K
}
Event: 172.800 GC heap before
{Heap before GC invocations=1352 (full 36):
 PSYoungGen      total 7168K, used 6793K [0x00000000eab00000, 0x00000000eb500000, 0x0000000100000000)
  eden space 4608K, 100% used [0x00000000eab00000,0x00000000eaf80000,0x00000000eaf80000)
  from space 2560K, 85% used [0x00000000eb280000,0x00000000eb4a26b0,0x00000000eb500000)
  to   space 2560K, 0% used [0x00000000eb000000,0x00000000eb000000,0x00000000eb280000)
 ParOldGen       total 301056K, used 241413K [0x00000000c0000000, 0x00000000d2600000, 0x00000000eab00000)
  object space 301056K, 80% used [0x00000000c0000000,0x00000000cebc14e8,0x00000000d2600000)
 Metaspace       used 69912K, committed 71168K, reserved 1114112K
  class space    used 7965K, committed 8512K, reserved 1048576K
}
Event: 172.804 GC heap after
{Heap after GC invocations=1352 (full 36):
 PSYoungGen      total 7680K, used 2081K [0x00000000eab00000, 0x00000000eb580000, 0x0000000100000000)
  eden space 5120K, 0% used [0x00000000eab00000,0x00000000eab00000,0x00000000eb000000)
  from space 2560K, 81% used [0x00000000eb000000,0x00000000eb208418,0x00000000eb280000)
  to   space 2560K, 0% used [0x00000000eb300000,0x00000000eb300000,0x00000000eb580000)
 ParOldGen       total 301056K, used 243190K [0x00000000c0000000, 0x00000000d2600000, 0x00000000eab00000)
  object space 301056K, 80% used [0x00000000c0000000,0x00000000ced7db98,0x00000000d2600000)
 Metaspace       used 69912K, committed 71168K, reserved 1114112K
  class space    used 7965K, committed 8512K, reserved 1048576K
}
Event: 300.476 GC heap before
{Heap before GC invocations=1353 (full 36):
 PSYoungGen      total 7680K, used 7200K [0x00000000eab00000, 0x00000000eb580000, 0x0000000100000000)
  eden space 5120K, 99% used [0x00000000eab00000,0x00000000eaffffb8,0x00000000eb000000)
  from space 2560K, 81% used [0x00000000eb000000,0x00000000eb208418,0x00000000eb280000)
  to   space 2560K, 0% used [0x00000000eb300000,0x00000000eb300000,0x00000000eb580000)
 ParOldGen       total 301056K, used 243190K [0x00000000c0000000, 0x00000000d2600000, 0x00000000eab00000)
  object space 301056K, 80% used [0x00000000c0000000,0x00000000ced7db98,0x00000000d2600000)
 Metaspace       used 69926K, committed 71232K, reserved 1114112K
  class space    used 7968K, committed 8512K, reserved 1048576K
}
Event: 300.481 GC heap after
{Heap after GC invocations=1353 (full 36):
 PSYoungGen      total 7680K, used 1078K [0x00000000eab00000, 0x00000000eb480000, 0x0000000100000000)
  eden space 6144K, 0% used [0x00000000eab00000,0x00000000eab00000,0x00000000eb100000)
  from space 1536K, 70% used [0x00000000eb300000,0x00000000eb40d818,0x00000000eb480000)
  to   space 1536K, 0% used [0x00000000eb180000,0x00000000eb180000,0x00000000eb300000)
 ParOldGen       total 301056K, used 244948K [0x00000000c0000000, 0x00000000d2600000, 0x00000000eab00000)
  object space 301056K, 81% used [0x00000000c0000000,0x00000000cef35060,0x00000000d2600000)
 Metaspace       used 69926K, committed 71232K, reserved 1114112K
  class space    used 7968K, committed 8512K, reserved 1048576K
}

