# JRE version: OpenJDK Runtime Environment Microsoft-8035246 (17.0.8+7) (build 17.0.8+7-LTS)
# Java VM: OpenJDK 64-Bit Server VM Microsoft-8035246 (17.0.8+7-LTS, mixed mode, sharing, tiered, compressed oops, compressed class ptrs, g1 gc, windows-amd64)
GC Precious Log:
 CPUs: 4 total, 4 available
 Memory: 16222M
 Large Page Support: Disabled
 NUMA Support: Disabled
 Compressed Oops: Enabled (32-bit)
 Heap Region Size: 1M
 Heap Min Capacity: 8M
 Heap Initial Capacity: 254M
 Heap Max Capacity: 2G
 Pre-touch: Disabled
 Parallel Workers: 4
 Concurrent Workers: 1
 Concurrent Refinement Workers: 4
 Periodic GC: Disabled
Heap:
 garbage-first heap   total 317440K, used 187305K [0x0000000080000000, 0x0000000100000000)
  region size 1024K, 23 young (23552K), 9 survivors (9216K)
 Metaspace       used 110226K, committed 111232K, reserved 557056K
  class space    used 15371K, committed 15872K, reserved 425984K
GC Heap History (20 events):
Event: 24.567 GC heap before
{Heap before GC invocations=35 (full 0):
 garbage-first heap   total 158720K, used 127966K [0x0000000080000000, 0x0000000100000000)
  region size 1024K, 37 young (37888K), 1 survivors (1024K)
 Metaspace       used 77028K, committed 77824K, reserved 557056K
  class space    used 10803K, committed 11200K, reserved 425984K
}
Event: 24.573 GC heap after
{Heap after GC invocations=36 (full 0):
 garbage-first heap   total 317440K, used 92561K [0x0000000080000000, 0x0000000100000000)
  region size 1024K, 2 young (2048K), 2 survivors (2048K)
 Metaspace       used 77028K, committed 77824K, reserved 557056K
  class space    used 10803K, committed 11200K, reserved 425984K
}
Event: 29.652 GC heap before
{Heap before GC invocations=37 (full 0):
 garbage-first heap   total 317440K, used 247185K [0x0000000080000000, 0x0000000100000000)
  region size 1024K, 153 young (156672K), 2 survivors (2048K)
 Metaspace       used 84936K, committed 85696K, reserved 557056K
  class space    used 11900K, committed 12288K, reserved 425984K
}
Event: 29.668 GC heap after
{Heap after GC invocations=38 (full 0):
 garbage-first heap   total 317440K, used 100406K [0x0000000080000000, 0x0000000100000000)
  region size 1024K, 10 young (10240K), 10 survivors (10240K)
 Metaspace       used 84936K, committed 85696K, reserved 557056K
  class space    used 11900K, committed 12288K, reserved 425984K
}
Event: 29.788 GC heap before
{Heap before GC invocations=38 (full 0):
 garbage-first heap   total 317440K, used 105526K [0x0000000080000000, 0x0000000100000000)
  region size 1024K, 15 young (15360K), 10 survivors (10240K)
 Metaspace       used 85296K, committed 86016K, reserved 557056K
  class space    used 11974K, committed 12352K, reserved 425984K
}
Event: 29.801 GC heap after
{Heap after GC invocations=39 (full 0):
 garbage-first heap   total 317440K, used 101142K [0x0000000080000000, 0x0000000100000000)
  region size 1024K, 2 young (2048K), 2 survivors (2048K)
 Metaspace       used 85296K, committed 86016K, reserved 557056K
  class space    used 11974K, committed 12352K, reserved 425984K
}
Event: 32.326 GC heap before
{Heap before GC invocations=39 (full 0):
 garbage-first heap   total 317440K, used 257814K [0x0000000080000000, 0x0000000100000000)
  region size 1024K, 150 young (153600K), 2 survivors (2048K)
 Metaspace       used 93654K, committed 94592K, reserved 557056K
  class space    used 13229K, committed 13696K, reserved 425984K
}
Event: 32.348 GC heap after
{Heap after GC invocations=40 (full 0):
 garbage-first heap   total 317440K, used 120123K [0x0000000080000000, 0x0000000100000000)
  region size 1024K, 15 young (15360K), 15 survivors (15360K)
 Metaspace       used 93654K, committed 94592K, reserved 557056K
  class space    used 13229K, committed 13696K, reserved 425984K
}
Event: 35.463 GC heap before
{Heap before GC invocations=40 (full 0):
 garbage-first heap   total 317440K, used 254267K [0x0000000080000000, 0x0000000100000000)
  region size 1024K, 143 young (146432K), 15 survivors (15360K)
 Metaspace       used 99776K, committed 100672K, reserved 557056K
  class space    used 14055K, committed 14464K, reserved 425984K
}
Event: 35.496 GC heap after
{Heap after GC invocations=41 (full 0):
 garbage-first heap   total 317440K, used 140040K [0x0000000080000000, 0x0000000100000000)
  region size 1024K, 17 young (17408K), 17 survivors (17408K)
 Metaspace       used 99776K, committed 100672K, reserved 557056K
  class space    used 14055K, committed 14464K, reserved 425984K
}
Event: 38.531 GC heap before
{Heap before GC invocations=41 (full 0):
 garbage-first heap   total 317440K, used 250632K [0x0000000080000000, 0x0000000100000000)
  region size 1024K, 126 young (129024K), 17 survivors (17408K)
 Metaspace       used 102078K, committed 103040K, reserved 557056K
  class space    used 14313K, committed 14784K, reserved 425984K
}
Event: 38.577 GC heap after
{Heap after GC invocations=42 (full 0):
 garbage-first heap   total 317440K, used 149822K [0x0000000080000000, 0x0000000100000000)
  region size 1024K, 12 young (12288K), 12 survivors (12288K)
 Metaspace       used 102078K, committed 103040K, reserved 557056K
  class space    used 14313K, committed 14784K, reserved 425984K
}
Event: 40.021 GC heap before
{Heap before GC invocations=42 (full 0):
 garbage-first heap   total 317440K, used 252222K [0x0000000080000000, 0x0000000100000000)
  region size 1024K, 113 young (115712K), 12 survivors (12288K)
 Metaspace       used 102370K, committed 103296K, reserved 557056K
  class space    used 14354K, committed 14784K, reserved 425984K
}
Event: 40.051 GC heap after
{Heap after GC invocations=43 (full 0):
 garbage-first heap   total 317440K, used 155648K [0x0000000080000000, 0x0000000100000000)
  region size 1024K, 7 young (7168K), 7 survivors (7168K)
 Metaspace       used 102370K, committed 103296K, reserved 557056K
  class space    used 14354K, committed 14784K, reserved 425984K
}
Event: 41.526 GC heap before
{Heap before GC invocations=43 (full 0):
 garbage-first heap   total 317440K, used 256000K [0x0000000080000000, 0x0000000100000000)
  region size 1024K, 106 young (108544K), 7 survivors (7168K)
 Metaspace       used 102615K, committed 103552K, reserved 557056K
  class space    used 14376K, committed 14848K, reserved 425984K
}
Event: 41.545 GC heap after
{Heap after GC invocations=44 (full 0):
 garbage-first heap   total 317440K, used 159744K [0x0000000080000000, 0x0000000100000000)
  region size 1024K, 11 young (11264K), 11 survivors (11264K)
 Metaspace       used 102615K, committed 103552K, reserved 557056K
  class space    used 14376K, committed 14848K, reserved 425984K
}
Event: 43.465 GC heap before
{Heap before GC invocations=44 (full 0):
 garbage-first heap   total 317440K, used 259072K [0x0000000080000000, 0x0000000100000000)
  region size 1024K, 109 young (111616K), 11 survivors (11264K)
 Metaspace       used 106033K, committed 107136K, reserved 557056K
  class space    used 14806K, committed 15360K, reserved 425984K
}
Event: 43.487 GC heap after
{Heap after GC invocations=45 (full 0):
 garbage-first heap   total 317440K, used 165689K [0x0000000080000000, 0x0000000100000000)
  region size 1024K, 13 young (13312K), 13 survivors (13312K)
 Metaspace       used 106033K, committed 107136K, reserved 557056K
  class space    used 14806K, committed 15360K, reserved 425984K
}
Event: 45.427 GC heap before
{Heap before GC invocations=45 (full 0):
 garbage-first heap   total 317440K, used 261945K [0x0000000080000000, 0x0000000100000000)
  region size 1024K, 106 young (108544K), 13 survivors (13312K)
 Metaspace       used 109520K, committed 110528K, reserved 557056K
  class space    used 15280K, committed 15808K, reserved 425984K
}
Event: 45.448 GC heap after
{Heap after GC invocations=46 (full 0):
 garbage-first heap   total 317440K, used 173993K [0x0000000080000000, 0x0000000100000000)
  region size 1024K, 9 young (9216K), 9 survivors (9216K)
 Metaspace       used 109520K, committed 110528K, reserved 557056K
  class space    used 15280K, committed 15808K, reserved 425984K
}

