# JRE version: OpenJDK Runtime Environment Microsoft-8035246 (17.0.8+7) (build 17.0.8+7-LTS)
# Java VM: OpenJDK 64-Bit Server VM Microsoft-8035246 (17.0.8+7-LTS, mixed mode, sharing, tiered, compressed oops, compressed class ptrs, g1 gc, windows-amd64)
GC Precious Log:
 CPUs: 4 total, 4 available
 Memory: 16222M
 Large Page Support: Disabled
 NUMA Support: Disabled
 Compressed Oops: Enabled (32-bit)
 Heap Region Size: 1M
 Heap Min Capacity: 8M
 Heap Initial Capacity: 254M
 Heap Max Capacity: 2G
 Pre-touch: Disabled
 Parallel Workers: 4
 Concurrent Workers: 1
 Concurrent Refinement Workers: 4
 Periodic GC: Disabled
Heap:
 garbage-first heap   total 227328K, used 139865K [0x0000000080000000, 0x0000000100000000)
  region size 1024K, 4 young (4096K), 4 survivors (4096K)
 Metaspace       used 100588K, committed 101504K, reserved 557056K
  class space    used 14154K, committed 14592K, reserved 425984K
GC Heap History (20 events):
Event: 63.062 GC heap after
{Heap after GC invocations=38 (full 0):
 garbage-first heap   total 162816K, used 101525K [0x0000000080000000, 0x0000000100000000)
  region size 1024K, 6 young (6144K), 6 survivors (6144K)
 Metaspace       used 84848K, committed 85696K, reserved 557056K
  class space    used 11861K, committed 12288K, reserved 425984K
}
Event: 63.709 GC heap before
{Heap before GC invocations=38 (full 0):
 garbage-first heap   total 162816K, used 136341K [0x0000000080000000, 0x0000000100000000)
  region size 1024K, 40 young (40960K), 6 survivors (6144K)
 Metaspace       used 87157K, committed 88000K, reserved 557056K
  class space    used 12251K, committed 12672K, reserved 425984K
}
Event: 63.717 GC heap after
{Heap after GC invocations=39 (full 0):
 garbage-first heap   total 162816K, used 102596K [0x0000000080000000, 0x0000000100000000)
  region size 1024K, 2 young (2048K), 2 survivors (2048K)
 Metaspace       used 87157K, committed 88000K, reserved 557056K
  class space    used 12251K, committed 12672K, reserved 425984K
}
Event: 64.878 GC heap before
{Heap before GC invocations=39 (full 0):
 garbage-first heap   total 162816K, used 138436K [0x0000000080000000, 0x0000000100000000)
  region size 1024K, 37 young (37888K), 2 survivors (2048K)
 Metaspace       used 89638K, committed 90496K, reserved 557056K
  class space    used 12684K, committed 13120K, reserved 425984K
}
Event: 64.884 GC heap after
{Heap after GC invocations=40 (full 0):
 garbage-first heap   total 162816K, used 103385K [0x0000000080000000, 0x0000000100000000)
  region size 1024K, 3 young (3072K), 3 survivors (3072K)
 Metaspace       used 89638K, committed 90496K, reserved 557056K
  class space    used 12684K, committed 13120K, reserved 425984K
}
Event: 65.632 GC heap before
{Heap before GC invocations=40 (full 0):
 garbage-first heap   total 162816K, used 138201K [0x0000000080000000, 0x0000000100000000)
  region size 1024K, 37 young (37888K), 3 survivors (3072K)
 Metaspace       used 91585K, committed 92416K, reserved 557056K
  class space    used 12968K, committed 13376K, reserved 425984K
}
Event: 65.641 GC heap after
{Heap after GC invocations=41 (full 0):
 garbage-first heap   total 162816K, used 105560K [0x0000000080000000, 0x0000000100000000)
  region size 1024K, 5 young (5120K), 5 survivors (5120K)
 Metaspace       used 91585K, committed 92416K, reserved 557056K
  class space    used 12968K, committed 13376K, reserved 425984K
}
Event: 66.476 GC heap before
{Heap before GC invocations=41 (full 0):
 garbage-first heap   total 162816K, used 138328K [0x0000000080000000, 0x0000000100000000)
  region size 1024K, 37 young (37888K), 5 survivors (5120K)
 Metaspace       used 92525K, committed 93376K, reserved 557056K
  class space    used 13072K, committed 13504K, reserved 425984K
}
Event: 66.494 GC heap after
{Heap after GC invocations=42 (full 0):
 garbage-first heap   total 162816K, used 108894K [0x0000000080000000, 0x0000000100000000)
  region size 1024K, 5 young (5120K), 5 survivors (5120K)
 Metaspace       used 92525K, committed 93376K, reserved 557056K
  class space    used 13072K, committed 13504K, reserved 425984K
}
Event: 67.006 GC heap before
{Heap before GC invocations=42 (full 0):
 garbage-first heap   total 162816K, used 142686K [0x0000000080000000, 0x0000000100000000)
  region size 1024K, 34 young (34816K), 5 survivors (5120K)
 Metaspace       used 93703K, committed 94592K, reserved 557056K
  class space    used 13186K, committed 13632K, reserved 425984K
}
Event: 67.019 GC heap after
{Heap after GC invocations=43 (full 0):
 garbage-first heap   total 162816K, used 121244K [0x0000000080000000, 0x0000000100000000)
  region size 1024K, 5 young (5120K), 5 survivors (5120K)
 Metaspace       used 93703K, committed 94592K, reserved 557056K
  class space    used 13186K, committed 13632K, reserved 425984K
}
Event: 67.486 GC heap before
{Heap before GC invocations=43 (full 0):
 garbage-first heap   total 162816K, used 137628K [0x0000000080000000, 0x0000000100000000)
  region size 1024K, 21 young (21504K), 5 survivors (5120K)
 Metaspace       used 94990K, committed 95808K, reserved 557056K
  class space    used 13391K, committed 13760K, reserved 425984K
}
Event: 67.495 GC heap after
{Heap after GC invocations=44 (full 0):
 garbage-first heap   total 162816K, used 124536K [0x0000000080000000, 0x0000000100000000)
  region size 1024K, 3 young (3072K), 3 survivors (3072K)
 Metaspace       used 94990K, committed 95808K, reserved 557056K
  class space    used 13391K, committed 13760K, reserved 425984K
}
Event: 67.892 GC heap before
{Heap before GC invocations=44 (full 0):
 garbage-first heap   total 227328K, used 136824K [0x0000000080000000, 0x0000000100000000)
  region size 1024K, 16 young (16384K), 3 survivors (3072K)
 Metaspace       used 95120K, committed 95872K, reserved 557056K
  class space    used 13393K, committed 13760K, reserved 425984K
}
Event: 67.901 GC heap after
{Heap after GC invocations=45 (full 0):
 garbage-first heap   total 227328K, used 126505K [0x0000000080000000, 0x0000000100000000)
  region size 1024K, 2 young (2048K), 2 survivors (2048K)
 Metaspace       used 95120K, committed 95872K, reserved 557056K
  class space    used 13393K, committed 13760K, reserved 425984K
}
Event: 69.101 GC heap before
{Heap before GC invocations=46 (full 0):
 garbage-first heap   total 227328K, used 186921K [0x0000000080000000, 0x0000000100000000)
  region size 1024K, 58 young (59392K), 2 survivors (2048K)
 Metaspace       used 97186K, committed 98048K, reserved 557056K
  class space    used 13687K, committed 14144K, reserved 425984K
}
Event: 69.117 GC heap after
{Heap after GC invocations=47 (full 0):
 garbage-first heap   total 227328K, used 138947K [0x0000000080000000, 0x0000000100000000)
  region size 1024K, 8 young (8192K), 8 survivors (8192K)
 Metaspace       used 97186K, committed 98048K, reserved 557056K
  class space    used 13687K, committed 14144K, reserved 425984K
}
Event: 69.174 GC heap before
{Heap before GC invocations=47 (full 0):
 garbage-first heap   total 227328K, used 140995K [0x0000000080000000, 0x0000000100000000)
  region size 1024K, 11 young (11264K), 8 survivors (8192K)
 Metaspace       used 97416K, committed 98368K, reserved 557056K
  class space    used 13717K, committed 14208K, reserved 425984K
}
Event: 69.189 GC heap after
{Heap after GC invocations=48 (full 0):
 garbage-first heap   total 227328K, used 137504K [0x0000000080000000, 0x0000000100000000)
  region size 1024K, 1 young (1024K), 1 survivors (1024K)
 Metaspace       used 97416K, committed 98368K, reserved 557056K
  class space    used 13717K, committed 14208K, reserved 425984K
}
Event: 70.524 GC heap before
{Heap before GC invocations=48 (full 0):
 garbage-first heap   total 227328K, used 183584K [0x0000000080000000, 0x0000000100000000)
  region size 1024K, 46 young (47104K), 1 survivors (1024K)
 Metaspace       used 100588K, committed 101504K, reserved 557056K
  class space    used 14154K, committed 14592K, reserved 425984K
}

