# JRE version: OpenJDK Runtime Environment Microsoft-8035246 (17.0.8+7) (build 17.0.8+7-LTS)
# Java VM: OpenJDK 64-Bit Server VM Microsoft-8035246 (17.0.8+7-LTS, mixed mode, sharing, tiered, compressed oops, compressed class ptrs, g1 gc, windows-amd64)
GC Precious Log:
 CPUs: 4 total, 4 available
 Memory: 16222M
 Large Page Support: Disabled
 NUMA Support: Disabled
 Compressed Oops: Enabled (32-bit)
 Heap Region Size: 1M
 Heap Min Capacity: 8M
 Heap Initial Capacity: 254M
 Heap Max Capacity: 2G
 Pre-touch: Disabled
 Parallel Workers: 4
 Concurrent Workers: 1
 Concurrent Refinement Workers: 4
 Periodic GC: Disabled
Heap:
 garbage-first heap   total 260096K, used 125548K [0x0000000080000000, 0x0000000100000000)
  region size 1024K, 3 young (3072K), 3 survivors (3072K)
 Metaspace       used 95022K, committed 95936K, reserved 557056K
  class space    used 13391K, committed 13824K, reserved 425984K
GC Heap History (20 events):
Event: 31.477 GC heap after
{Heap after GC invocations=32 (full 0):
 garbage-first heap   total 201728K, used 100083K [0x0000000080000000, 0x0000000100000000)
  region size 1024K, 4 young (4096K), 4 survivors (4096K)
 Metaspace       used 78542K, committed 79360K, reserved 557056K
  class space    used 11000K, committed 11392K, reserved 425984K
}
Event: 32.348 GC heap before
{Heap before GC invocations=32 (full 0):
 garbage-first heap   total 201728K, used 162547K [0x0000000080000000, 0x0000000100000000)
  region size 1024K, 65 young (66560K), 4 survivors (4096K)
 Metaspace       used 83001K, committed 83840K, reserved 557056K
  class space    used 11626K, committed 12032K, reserved 425984K
}
Event: 32.358 GC heap after
{Heap after GC invocations=33 (full 0):
 garbage-first heap   total 201728K, used 102727K [0x0000000080000000, 0x0000000100000000)
  region size 1024K, 7 young (7168K), 7 survivors (7168K)
 Metaspace       used 83001K, committed 83840K, reserved 557056K
  class space    used 11626K, committed 12032K, reserved 425984K
}
Event: 35.722 GC heap before
{Heap before GC invocations=34 (full 0):
 garbage-first heap   total 201728K, used 161095K [0x0000000080000000, 0x0000000100000000)
  region size 1024K, 67 young (68608K), 7 survivors (7168K)
 Metaspace       used 84493K, committed 85312K, reserved 557056K
  class space    used 11837K, committed 12224K, reserved 425984K
}
Event: 35.744 GC heap after
{Heap after GC invocations=35 (full 0):
 garbage-first heap   total 201728K, used 102902K [0x0000000080000000, 0x0000000100000000)
  region size 1024K, 7 young (7168K), 7 survivors (7168K)
 Metaspace       used 84493K, committed 85312K, reserved 557056K
  class space    used 11837K, committed 12224K, reserved 425984K
}
Event: 35.789 GC heap before
{Heap before GC invocations=35 (full 0):
 garbage-first heap   total 201728K, used 104950K [0x0000000080000000, 0x0000000100000000)
  region size 1024K, 9 young (9216K), 7 survivors (7168K)
 Metaspace       used 84635K, committed 85504K, reserved 557056K
  class space    used 11858K, committed 12288K, reserved 425984K
}
Event: 35.810 GC heap after
{Heap after GC invocations=36 (full 0):
 garbage-first heap   total 201728K, used 102364K [0x0000000080000000, 0x0000000100000000)
  region size 1024K, 1 young (1024K), 1 survivors (1024K)
 Metaspace       used 84635K, committed 85504K, reserved 557056K
  class space    used 11858K, committed 12288K, reserved 425984K
}
Event: 35.999 GC heap before
{Heap before GC invocations=36 (full 0):
 garbage-first heap   total 201728K, used 112604K [0x0000000080000000, 0x0000000100000000)
  region size 1024K, 12 young (12288K), 1 survivors (1024K)
 Metaspace       used 85286K, committed 86080K, reserved 557056K
  class space    used 11952K, committed 12352K, reserved 425984K
}
Event: 36.002 GC heap after
{Heap after GC invocations=37 (full 0):
 garbage-first heap   total 201728K, used 102400K [0x0000000080000000, 0x0000000100000000)
  region size 1024K, 1 young (1024K), 1 survivors (1024K)
 Metaspace       used 85286K, committed 86080K, reserved 557056K
  class space    used 11952K, committed 12352K, reserved 425984K
}
Event: 37.042 GC heap before
{Heap before GC invocations=38 (full 0):
 garbage-first heap   total 201728K, used 166912K [0x0000000080000000, 0x0000000100000000)
  region size 1024K, 63 young (64512K), 1 survivors (1024K)
 Metaspace       used 89598K, committed 90496K, reserved 557056K
  class space    used 12710K, committed 13120K, reserved 425984K
}
Event: 37.048 GC heap after
{Heap after GC invocations=39 (full 0):
 garbage-first heap   total 201728K, used 104024K [0x0000000080000000, 0x0000000100000000)
  region size 1024K, 3 young (3072K), 3 survivors (3072K)
 Metaspace       used 89598K, committed 90496K, reserved 557056K
  class space    used 12710K, committed 13120K, reserved 425984K
}
Event: 37.149 GC heap before
{Heap before GC invocations=39 (full 0):
 garbage-first heap   total 201728K, used 110168K [0x0000000080000000, 0x0000000100000000)
  region size 1024K, 9 young (9216K), 3 survivors (3072K)
 Metaspace       used 89959K, committed 90752K, reserved 557056K
  class space    used 12760K, committed 13120K, reserved 425984K
}
Event: 37.163 GC heap after
{Heap after GC invocations=40 (full 0):
 garbage-first heap   total 201728K, used 103312K [0x0000000080000000, 0x0000000100000000)
  region size 1024K, 1 young (1024K), 1 survivors (1024K)
 Metaspace       used 89959K, committed 90752K, reserved 557056K
  class space    used 12760K, committed 13120K, reserved 425984K
}
Event: 38.763 GC heap before
{Heap before GC invocations=40 (full 0):
 garbage-first heap   total 201728K, used 166800K [0x0000000080000000, 0x0000000100000000)
  region size 1024K, 63 young (64512K), 1 survivors (1024K)
 Metaspace       used 92385K, committed 93184K, reserved 557056K
  class space    used 13067K, committed 13440K, reserved 425984K
}
Event: 38.774 GC heap after
{Heap after GC invocations=41 (full 0):
 garbage-first heap   total 201728K, used 109159K [0x0000000080000000, 0x0000000100000000)
  region size 1024K, 7 young (7168K), 7 survivors (7168K)
 Metaspace       used 92385K, committed 93184K, reserved 557056K
  class space    used 13067K, committed 13440K, reserved 425984K
}
Event: 40.434 GC heap before
{Heap before GC invocations=42 (full 0):
 garbage-first heap   total 201728K, used 170599K [0x0000000080000000, 0x0000000100000000)
  region size 1024K, 63 young (64512K), 7 survivors (7168K)
 Metaspace       used 94947K, committed 95872K, reserved 557056K
  class space    used 13387K, committed 13824K, reserved 425984K
}
Event: 40.454 GC heap after
{Heap after GC invocations=43 (full 0):
 garbage-first heap   total 201728K, used 123986K [0x0000000080000000, 0x0000000100000000)
  region size 1024K, 8 young (8192K), 8 survivors (8192K)
 Metaspace       used 94947K, committed 95872K, reserved 557056K
  class space    used 13387K, committed 13824K, reserved 425984K
}
Event: 40.471 GC heap before
{Heap before GC invocations=43 (full 0):
 garbage-first heap   total 201728K, used 125010K [0x0000000080000000, 0x0000000100000000)
  region size 1024K, 9 young (9216K), 8 survivors (8192K)
 Metaspace       used 94950K, committed 95872K, reserved 557056K
  class space    used 13387K, committed 13824K, reserved 425984K
}
Event: 40.482 GC heap after
{Heap after GC invocations=44 (full 0):
 garbage-first heap   total 201728K, used 124451K [0x0000000080000000, 0x0000000100000000)
  region size 1024K, 1 young (1024K), 1 survivors (1024K)
 Metaspace       used 94950K, committed 95872K, reserved 557056K
  class space    used 13387K, committed 13824K, reserved 425984K
}
Event: 40.657 GC heap before
{Heap before GC invocations=44 (full 0):
 garbage-first heap   total 201728K, used 134691K [0x0000000080000000, 0x0000000100000000)
  region size 1024K, 12 young (12288K), 1 survivors (1024K)
 Metaspace       used 95022K, committed 95936K, reserved 557056K
  class space    used 13391K, committed 13824K, reserved 425984K
}

