# JRE version: OpenJDK Runtime Environment Microsoft-8035246 (17.0.8+7) (build 17.0.8+7-LTS)
# Java VM: OpenJDK 64-Bit Server VM Microsoft-8035246 (17.0.8+7-LTS, mixed mode, sharing, tiered, compressed oops, compressed class ptrs, g1 gc, windows-amd64)
GC Precious Log:
 CPUs: 4 total, 4 available
 Memory: 16222M
 Large Page Support: Disabled
 NUMA Support: Disabled
 Compressed Oops: Enabled (32-bit)
 Heap Region Size: 1M
 Heap Min Capacity: 8M
 Heap Initial Capacity: 254M
 Heap Max Capacity: 2G
 Pre-touch: Disabled
 Parallel Workers: 4
 Concurrent Workers: 1
 Concurrent Refinement Workers: 4
 Periodic GC: Disabled
Heap:
 garbage-first heap   total 345088K, used 258876K [0x0000000080000000, 0x0000000100000000)
  region size 1024K, 77 young (78848K), 8 survivors (8192K)
 Metaspace       used 139336K, committed 140480K, reserved 557056K
  class space    used 19309K, committed 19840K, reserved 425984K
GC Heap History (20 events):
Event: 25.109 GC heap before
{Heap before GC invocations=32 (full 0):
 garbage-first heap   total 345088K, used 107748K [0x0000000080000000, 0x0000000100000000)
  region size 1024K, 16 young (16384K), 9 survivors (9216K)
 Metaspace       used 86739K, committed 87552K, reserved 557056K
  class space    used 12303K, committed 12736K, reserved 425984K
}
Event: 25.123 GC heap after
{Heap after GC invocations=33 (full 0):
 garbage-first heap   total 345088K, used 101438K [0x0000000080000000, 0x0000000100000000)
  region size 1024K, 2 young (2048K), 2 survivors (2048K)
 Metaspace       used 86739K, committed 87552K, reserved 557056K
  class space    used 12303K, committed 12736K, reserved 425984K
}
Event: 27.608 GC heap before
{Heap before GC invocations=33 (full 0):
 garbage-first heap   total 345088K, used 261182K [0x0000000080000000, 0x0000000100000000)
  region size 1024K, 154 young (157696K), 2 survivors (2048K)
 Metaspace       used 94038K, committed 94976K, reserved 557056K
  class space    used 13276K, committed 13760K, reserved 425984K
}
Event: 27.635 GC heap after
{Heap after GC invocations=34 (full 0):
 garbage-first heap   total 345088K, used 122962K [0x0000000080000000, 0x0000000100000000)
  region size 1024K, 18 young (18432K), 18 survivors (18432K)
 Metaspace       used 94038K, committed 94976K, reserved 557056K
  class space    used 13276K, committed 13760K, reserved 425984K
}
Event: 30.086 GC heap before
{Heap before GC invocations=34 (full 0):
 garbage-first heap   total 345088K, used 262226K [0x0000000080000000, 0x0000000100000000)
  region size 1024K, 150 young (153600K), 18 survivors (18432K)
 Metaspace       used 100884K, committed 101760K, reserved 557056K
  class space    used 14199K, committed 14656K, reserved 425984K
}
Event: 30.123 GC heap after
{Heap after GC invocations=35 (full 0):
 garbage-first heap   total 345088K, used 140686K [0x0000000080000000, 0x0000000100000000)
  region size 1024K, 15 young (15360K), 15 survivors (15360K)
 Metaspace       used 100884K, committed 101760K, reserved 557056K
  class space    used 14199K, committed 14656K, reserved 425984K
}
Event: 32.417 GC heap before
{Heap before GC invocations=35 (full 0):
 garbage-first heap   total 345088K, used 266638K [0x0000000080000000, 0x0000000100000000)
  region size 1024K, 134 young (137216K), 15 survivors (15360K)
 Metaspace       used 104679K, committed 105664K, reserved 557056K
  class space    used 14613K, committed 15104K, reserved 425984K
}
Event: 32.448 GC heap after
{Heap after GC invocations=36 (full 0):
 garbage-first heap   total 345088K, used 150528K [0x0000000080000000, 0x0000000100000000)
  region size 1024K, 10 young (10240K), 10 survivors (10240K)
 Metaspace       used 104679K, committed 105664K, reserved 557056K
  class space    used 14613K, committed 15104K, reserved 425984K
}
Event: 33.701 GC heap before
{Heap before GC invocations=36 (full 0):
 garbage-first heap   total 345088K, used 269312K [0x0000000080000000, 0x0000000100000000)
  region size 1024K, 126 young (129024K), 10 survivors (10240K)
 Metaspace       used 104689K, committed 105664K, reserved 557056K
  class space    used 14614K, committed 15104K, reserved 425984K
}
Event: 33.725 GC heap after
{Heap after GC invocations=37 (full 0):
 garbage-first heap   total 345088K, used 155647K [0x0000000080000000, 0x0000000100000000)
  region size 1024K, 8 young (8192K), 8 survivors (8192K)
 Metaspace       used 104689K, committed 105664K, reserved 557056K
  class space    used 14614K, committed 15104K, reserved 425984K
}
Event: 36.182 GC heap before
{Heap before GC invocations=37 (full 0):
 garbage-first heap   total 345088K, used 272383K [0x0000000080000000, 0x0000000100000000)
  region size 1024K, 123 young (125952K), 8 survivors (8192K)
 Metaspace       used 108186K, committed 109248K, reserved 557056K
  class space    used 15003K, committed 15552K, reserved 425984K
}
Event: 36.202 GC heap after
{Heap after GC invocations=38 (full 0):
 garbage-first heap   total 345088K, used 159232K [0x0000000080000000, 0x0000000100000000)
  region size 1024K, 11 young (11264K), 11 survivors (11264K)
 Metaspace       used 108186K, committed 109248K, reserved 557056K
  class space    used 15003K, committed 15552K, reserved 425984K
}
Event: 39.922 GC heap before
{Heap before GC invocations=38 (full 0):
 garbage-first heap   total 345088K, used 283136K [0x0000000080000000, 0x0000000100000000)
  region size 1024K, 127 young (130048K), 11 survivors (11264K)
 Metaspace       used 119288K, committed 120384K, reserved 557056K
  class space    used 16383K, committed 16896K, reserved 425984K
}
Event: 39.949 GC heap after
{Heap after GC invocations=39 (full 0):
 garbage-first heap   total 345088K, used 170925K [0x0000000080000000, 0x0000000100000000)
  region size 1024K, 16 young (16384K), 16 survivors (16384K)
 Metaspace       used 119288K, committed 120384K, reserved 557056K
  class space    used 16383K, committed 16896K, reserved 425984K
}
Event: 41.934 GC heap before
{Heap before GC invocations=39 (full 0):
 garbage-first heap   total 345088K, used 281517K [0x0000000080000000, 0x0000000100000000)
  region size 1024K, 123 young (125952K), 16 survivors (16384K)
 Metaspace       used 122837K, committed 123904K, reserved 557056K
  class space    used 16849K, committed 17344K, reserved 425984K
}
Event: 41.967 GC heap after
{Heap after GC invocations=40 (full 0):
 garbage-first heap   total 345088K, used 178549K [0x0000000080000000, 0x0000000100000000)
  region size 1024K, 11 young (11264K), 11 survivors (11264K)
 Metaspace       used 122837K, committed 123904K, reserved 557056K
  class space    used 16849K, committed 17344K, reserved 425984K
}
Event: 43.705 GC heap before
{Heap before GC invocations=40 (full 0):
 garbage-first heap   total 345088K, used 280949K [0x0000000080000000, 0x0000000100000000)
  region size 1024K, 112 young (114688K), 11 survivors (11264K)
 Metaspace       used 130023K, committed 131072K, reserved 557056K
  class space    used 17853K, committed 18368K, reserved 425984K
}
Event: 43.729 GC heap after
{Heap after GC invocations=41 (full 0):
 garbage-first heap   total 345088K, used 181248K [0x0000000080000000, 0x0000000100000000)
  region size 1024K, 6 young (6144K), 6 survivors (6144K)
 Metaspace       used 130023K, committed 131072K, reserved 557056K
  class space    used 17853K, committed 18368K, reserved 425984K
}
Event: 44.628 GC heap before
{Heap before GC invocations=41 (full 0):
 garbage-first heap   total 345088K, used 253952K [0x0000000080000000, 0x0000000100000000)
  region size 1024K, 61 young (62464K), 6 survivors (6144K)
 Metaspace       used 133372K, committed 134400K, reserved 557056K
  class space    used 18332K, committed 18816K, reserved 425984K
}
Event: 44.646 GC heap after
{Heap after GC invocations=42 (full 0):
 garbage-first heap   total 345088K, used 190268K [0x0000000080000000, 0x0000000100000000)
  region size 1024K, 8 young (8192K), 8 survivors (8192K)
 Metaspace       used 133372K, committed 134400K, reserved 557056K
  class space    used 18332K, committed 18816K, reserved 425984K
}

