# JRE version: OpenJDK Runtime Environment Microsoft-8035246 (17.0.8+7) (build 17.0.8+7-LTS)
# Java VM: OpenJDK 64-Bit Server VM Microsoft-8035246 (17.0.8+7-LTS, mixed mode, sharing, tiered, compressed oops, compressed class ptrs, g1 gc, windows-amd64)
GC Precious Log:
 CPUs: 4 total, 4 available
 Memory: 16222M
 Large Page Support: Disabled
 NUMA Support: Disabled
 Compressed Oops: Enabled (32-bit)
 Heap Region Size: 1M
 Heap Min Capacity: 8M
 Heap Initial Capacity: 254M
 Heap Max Capacity: 2G
 Pre-touch: Disabled
 Parallel Workers: 4
 Concurrent Workers: 1
 Concurrent Refinement Workers: 4
 Periodic GC: Disabled
Heap:
 garbage-first heap   total 314368K, used 200999K [0x0000000080000000, 0x0000000100000000)
  region size 1024K, 4 young (4096K), 4 survivors (4096K)
 Metaspace       used 158086K, committed 159360K, reserved 622592K
  class space    used 21268K, committed 21888K, reserved 425984K
GC Heap History (20 events):
Event: 186.899 GC heap after
{Heap after GC invocations=83 (full 0):
 garbage-first heap   total 314368K, used 193273K [0x0000000080000000, 0x0000000100000000)
  region size 1024K, 11 young (11264K), 11 survivors (11264K)
 Metaspace       used 154022K, committed 155264K, reserved 622592K
  class space    used 20988K, committed 21568K, reserved 425984K
}
Event: 188.680 GC heap before
{Heap before GC invocations=83 (full 0):
 garbage-first heap   total 314368K, used 272121K [0x0000000080000000, 0x0000000100000000)
  region size 1024K, 81 young (82944K), 11 survivors (11264K)
 Metaspace       used 155347K, committed 156544K, reserved 622592K
  class space    used 21086K, committed 21696K, reserved 425984K
}
Event: 188.708 GC heap after
{Heap after GC invocations=84 (full 0):
 garbage-first heap   total 314368K, used 202969K [0x0000000080000000, 0x0000000100000000)
  region size 1024K, 11 young (11264K), 11 survivors (11264K)
 Metaspace       used 155347K, committed 156544K, reserved 622592K
  class space    used 21086K, committed 21696K, reserved 425984K
}
Event: 190.305 GC heap before
{Heap before GC invocations=84 (full 0):
 garbage-first heap   total 314368K, used 262361K [0x0000000080000000, 0x0000000100000000)
  region size 1024K, 70 young (71680K), 11 survivors (11264K)
 Metaspace       used 156667K, committed 157952K, reserved 622592K
  class space    used 21094K, committed 21696K, reserved 425984K
}
Event: 190.315 GC heap after
{Heap after GC invocations=85 (full 0):
 garbage-first heap   total 314368K, used 193987K [0x0000000080000000, 0x0000000100000000)
  region size 1024K, 3 young (3072K), 3 survivors (3072K)
 Metaspace       used 156667K, committed 157952K, reserved 622592K
  class space    used 21094K, committed 21696K, reserved 425984K
}
Event: 191.358 GC heap before
{Heap before GC invocations=85 (full 0):
 garbage-first heap   total 314368K, used 254403K [0x0000000080000000, 0x0000000100000000)
  region size 1024K, 42 young (43008K), 3 survivors (3072K)
 Metaspace       used 158086K, committed 159360K, reserved 622592K
  class space    used 21268K, committed 21888K, reserved 425984K
}
Event: 191.368 GC heap after
{Heap after GC invocations=86 (full 0):
 garbage-first heap   total 314368K, used 205009K [0x0000000080000000, 0x0000000100000000)
  region size 1024K, 4 young (4096K), 4 survivors (4096K)
 Metaspace       used 158086K, committed 159360K, reserved 622592K
  class space    used 21268K, committed 21888K, reserved 425984K
}
Event: 191.414 GC heap before
{Heap before GC invocations=86 (full 0):
 garbage-first heap   total 314368K, used 225489K [0x0000000080000000, 0x0000000100000000)
  region size 1024K, 5 young (5120K), 4 survivors (4096K)
 Metaspace       used 158086K, committed 159360K, reserved 622592K
  class space    used 21268K, committed 21888K, reserved 425984K
}
Event: 191.421 GC heap after
{Heap after GC invocations=87 (full 0):
 garbage-first heap   total 314368K, used 200844K [0x0000000080000000, 0x0000000100000000)
  region size 1024K, 4 young (4096K), 4 survivors (4096K)
 Metaspace       used 158086K, committed 159360K, reserved 622592K
  class space    used 21268K, committed 21888K, reserved 425984K
}
Event: 191.469 GC heap before
{Heap before GC invocations=87 (full 0):
 garbage-first heap   total 314368K, used 219276K [0x0000000080000000, 0x0000000100000000)
  region size 1024K, 5 young (5120K), 4 survivors (4096K)
 Metaspace       used 158086K, committed 159360K, reserved 622592K
  class space    used 21268K, committed 21888K, reserved 425984K
}
Event: 191.475 GC heap after
{Heap after GC invocations=88 (full 0):
 garbage-first heap   total 314368K, used 200859K [0x0000000080000000, 0x0000000100000000)
  region size 1024K, 4 young (4096K), 4 survivors (4096K)
 Metaspace       used 158086K, committed 159360K, reserved 622592K
  class space    used 21268K, committed 21888K, reserved 425984K
}
Event: 191.509 GC heap before
{Heap before GC invocations=88 (full 0):
 garbage-first heap   total 314368K, used 217243K [0x0000000080000000, 0x0000000100000000)
  region size 1024K, 5 young (5120K), 4 survivors (4096K)
 Metaspace       used 158086K, committed 159360K, reserved 622592K
  class space    used 21268K, committed 21888K, reserved 425984K
}
Event: 191.515 GC heap after
{Heap after GC invocations=89 (full 0):
 garbage-first heap   total 314368K, used 200921K [0x0000000080000000, 0x0000000100000000)
  region size 1024K, 4 young (4096K), 4 survivors (4096K)
 Metaspace       used 158086K, committed 159360K, reserved 622592K
  class space    used 21268K, committed 21888K, reserved 425984K
}
Event: 191.537 GC heap before
{Heap before GC invocations=89 (full 0):
 garbage-first heap   total 314368K, used 215257K [0x0000000080000000, 0x0000000100000000)
  region size 1024K, 5 young (5120K), 4 survivors (4096K)
 Metaspace       used 158086K, committed 159360K, reserved 622592K
  class space    used 21268K, committed 21888K, reserved 425984K
}
Event: 191.542 GC heap after
{Heap after GC invocations=90 (full 0):
 garbage-first heap   total 314368K, used 200846K [0x0000000080000000, 0x0000000100000000)
  region size 1024K, 4 young (4096K), 4 survivors (4096K)
 Metaspace       used 158086K, committed 159360K, reserved 622592K
  class space    used 21268K, committed 21888K, reserved 425984K
}
Event: 191.564 GC heap before
{Heap before GC invocations=90 (full 0):
 garbage-first heap   total 314368K, used 215182K [0x0000000080000000, 0x0000000100000000)
  region size 1024K, 5 young (5120K), 4 survivors (4096K)
 Metaspace       used 158086K, committed 159360K, reserved 622592K
  class space    used 21268K, committed 21888K, reserved 425984K
}
Event: 191.569 GC heap after
{Heap after GC invocations=91 (full 0):
 garbage-first heap   total 314368K, used 200842K [0x0000000080000000, 0x0000000100000000)
  region size 1024K, 4 young (4096K), 4 survivors (4096K)
 Metaspace       used 158086K, committed 159360K, reserved 622592K
  class space    used 21268K, committed 21888K, reserved 425984K
}
Event: 191.582 GC heap before
{Heap before GC invocations=91 (full 0):
 garbage-first heap   total 314368K, used 213130K [0x0000000080000000, 0x0000000100000000)
  region size 1024K, 5 young (5120K), 4 survivors (4096K)
 Metaspace       used 158086K, committed 159360K, reserved 622592K
  class space    used 21268K, committed 21888K, reserved 425984K
}
Event: 191.588 GC heap after
{Heap after GC invocations=92 (full 0):
 garbage-first heap   total 314368K, used 203041K [0x0000000080000000, 0x0000000100000000)
  region size 1024K, 4 young (4096K), 4 survivors (4096K)
 Metaspace       used 158086K, committed 159360K, reserved 622592K
  class space    used 21268K, committed 21888K, reserved 425984K
}
Event: 191.597 GC heap before
{Heap before GC invocations=92 (full 0):
 garbage-first heap   total 314368K, used 207137K [0x0000000080000000, 0x0000000100000000)
  region size 1024K, 5 young (5120K), 4 survivors (4096K)
 Metaspace       used 158086K, committed 159360K, reserved 622592K
  class space    used 21268K, committed 21888K, reserved 425984K
}

