# JRE version: OpenJDK Runtime Environment Microsoft-8035246 (17.0.8+7) (build 17.0.8+7-LTS)
# Java VM: OpenJDK 64-Bit Server VM Microsoft-8035246 (17.0.8+7-LTS, mixed mode, sharing, tiered, compressed oops, compressed class ptrs, g1 gc, windows-amd64)
GC Precious Log:
 CPUs: 4 total, 4 available
 Memory: 16222M
 Large Page Support: Disabled
 NUMA Support: Disabled
 Compressed Oops: Enabled (32-bit)
 Heap Region Size: 1M
 Heap Min Capacity: 8M
 Heap Initial Capacity: 254M
 Heap Max Capacity: 2G
 Pre-touch: Disabled
 Parallel Workers: 4
 Concurrent Workers: 1
 Concurrent Refinement Workers: 4
 Periodic GC: Disabled
Heap:
 garbage-first heap   total 299008K, used 169472K [0x0000000080000000, 0x0000000100000000)
  region size 1024K, 30 young (30720K), 2 survivors (2048K)
 Metaspace       used 100474K, committed 101376K, reserved 557056K
  class space    used 14137K, committed 14592K, reserved 425984K
GC Heap History (20 events):
Event: 26.959 GC heap before
{Heap before GC invocations=20 (full 0):
 garbage-first heap   total 158720K, used 127212K [0x0000000080000000, 0x0000000100000000)
  region size 1024K, 61 young (62464K), 1 survivors (1024K)
 Metaspace       used 67066K, committed 67776K, reserved 491520K
  class space    used 9583K, committed 9920K, reserved 425984K
}
Event: 26.970 GC heap after
{Heap after GC invocations=21 (full 0):
 garbage-first heap   total 158720K, used 70624K [0x0000000080000000, 0x0000000100000000)
  region size 1024K, 6 young (6144K), 6 survivors (6144K)
 Metaspace       used 67066K, committed 67776K, reserved 491520K
  class space    used 9583K, committed 9920K, reserved 425984K
}
Event: 28.128 GC heap before
{Heap before GC invocations=21 (full 0):
 garbage-first heap   total 158720K, used 131040K [0x0000000080000000, 0x0000000100000000)
  region size 1024K, 61 young (62464K), 6 survivors (6144K)
 Metaspace       used 68566K, committed 69312K, reserved 491520K
  class space    used 9779K, committed 10112K, reserved 425984K
}
Event: 28.143 GC heap after
{Heap after GC invocations=22 (full 0):
 garbage-first heap   total 158720K, used 83332K [0x0000000080000000, 0x0000000100000000)
  region size 1024K, 8 young (8192K), 8 survivors (8192K)
 Metaspace       used 68566K, committed 69312K, reserved 491520K
  class space    used 9779K, committed 10112K, reserved 425984K
}
Event: 28.725 GC heap before
{Heap before GC invocations=22 (full 0):
 garbage-first heap   total 158720K, used 126340K [0x0000000080000000, 0x0000000100000000)
  region size 1024K, 49 young (50176K), 8 survivors (8192K)
 Metaspace       used 71987K, committed 72704K, reserved 491520K
  class space    used 10164K, committed 10496K, reserved 425984K
}
Event: 28.731 GC heap after
{Heap after GC invocations=23 (full 0):
 garbage-first heap   total 158720K, used 86860K [0x0000000080000000, 0x0000000100000000)
  region size 1024K, 2 young (2048K), 2 survivors (2048K)
 Metaspace       used 71987K, committed 72704K, reserved 491520K
  class space    used 10164K, committed 10496K, reserved 425984K
}
Event: 29.450 GC heap before
{Heap before GC invocations=23 (full 0):
 garbage-first heap   total 158720K, used 133964K [0x0000000080000000, 0x0000000100000000)
  region size 1024K, 42 young (43008K), 2 survivors (2048K)
 Metaspace       used 74972K, committed 75648K, reserved 557056K
  class space    used 10528K, committed 10816K, reserved 425984K
}
Event: 29.456 GC heap after
{Heap after GC invocations=24 (full 0):
 garbage-first heap   total 158720K, used 91101K [0x0000000080000000, 0x0000000100000000)
  region size 1024K, 6 young (6144K), 6 survivors (6144K)
 Metaspace       used 74972K, committed 75648K, reserved 557056K
  class space    used 10528K, committed 10816K, reserved 425984K
}
Event: 30.009 GC heap before
{Heap before GC invocations=24 (full 0):
 garbage-first heap   total 158720K, used 128989K [0x0000000080000000, 0x0000000100000000)
  region size 1024K, 43 young (44032K), 6 survivors (6144K)
 Metaspace       used 77524K, committed 78208K, reserved 557056K
  class space    used 10863K, committed 11200K, reserved 425984K
}
Event: 30.016 GC heap after
{Heap after GC invocations=25 (full 0):
 garbage-first heap   total 158720K, used 93265K [0x0000000080000000, 0x0000000100000000)
  region size 1024K, 3 young (3072K), 3 survivors (3072K)
 Metaspace       used 77524K, committed 78208K, reserved 557056K
  class space    used 10863K, committed 11200K, reserved 425984K
}
Event: 30.776 GC heap before
{Heap before GC invocations=25 (full 0):
 garbage-first heap   total 158720K, used 130129K [0x0000000080000000, 0x0000000100000000)
  region size 1024K, 39 young (39936K), 3 survivors (3072K)
 Metaspace       used 80243K, committed 80960K, reserved 557056K
  class space    used 11245K, committed 11584K, reserved 425984K
}
Event: 30.783 GC heap after
{Heap after GC invocations=26 (full 0):
 garbage-first heap   total 299008K, used 94445K [0x0000000080000000, 0x0000000100000000)
  region size 1024K, 4 young (4096K), 4 survivors (4096K)
 Metaspace       used 80243K, committed 80960K, reserved 557056K
  class space    used 11245K, committed 11584K, reserved 425984K
}
Event: 38.977 GC heap before
{Heap before GC invocations=26 (full 0):
 garbage-first heap   total 299008K, used 228589K [0x0000000080000000, 0x0000000100000000)
  region size 1024K, 134 young (137216K), 4 survivors (4096K)
 Metaspace       used 86511K, committed 87296K, reserved 557056K
  class space    used 12220K, committed 12608K, reserved 425984K
}
Event: 38.993 GC heap after
{Heap after GC invocations=27 (full 0):
 garbage-first heap   total 299008K, used 101124K [0x0000000080000000, 0x0000000100000000)
  region size 1024K, 10 young (10240K), 10 survivors (10240K)
 Metaspace       used 86511K, committed 87296K, reserved 557056K
  class space    used 12220K, committed 12608K, reserved 425984K
}
Event: 42.157 GC heap before
{Heap before GC invocations=27 (full 0):
 garbage-first heap   total 299008K, used 238340K [0x0000000080000000, 0x0000000100000000)
  region size 1024K, 140 young (143360K), 10 survivors (10240K)
 Metaspace       used 93592K, committed 94400K, reserved 557056K
  class space    used 13193K, committed 13568K, reserved 425984K
}
Event: 42.187 GC heap after
{Heap after GC invocations=28 (full 0):
 garbage-first heap   total 299008K, used 120327K [0x0000000080000000, 0x0000000100000000)
  region size 1024K, 18 young (18432K), 18 survivors (18432K)
 Metaspace       used 93592K, committed 94400K, reserved 557056K
  class space    used 13193K, committed 13568K, reserved 425984K
}
Event: 45.672 GC heap before
{Heap before GC invocations=28 (full 0):
 garbage-first heap   total 299008K, used 237063K [0x0000000080000000, 0x0000000100000000)
  region size 1024K, 129 young (132096K), 18 survivors (18432K)
 Metaspace       used 98507K, committed 99392K, reserved 557056K
  class space    used 13898K, committed 14336K, reserved 425984K
}
Event: 45.718 GC heap after
{Heap after GC invocations=29 (full 0):
 garbage-first heap   total 299008K, used 139990K [0x0000000080000000, 0x0000000100000000)
  region size 1024K, 16 young (16384K), 16 survivors (16384K)
 Metaspace       used 98507K, committed 99392K, reserved 557056K
  class space    used 13898K, committed 14336K, reserved 425984K
}
Event: 46.065 GC heap before
{Heap before GC invocations=29 (full 0):
 garbage-first heap   total 299008K, used 153302K [0x0000000080000000, 0x0000000100000000)
  region size 1024K, 30 young (30720K), 16 survivors (16384K)
 Metaspace       used 99715K, committed 100608K, reserved 557056K
  class space    used 14022K, committed 14464K, reserved 425984K
}
Event: 46.086 GC heap after
{Heap after GC invocations=30 (full 0):
 garbage-first heap   total 299008K, used 141824K [0x0000000080000000, 0x0000000100000000)
  region size 1024K, 2 young (2048K), 2 survivors (2048K)
 Metaspace       used 99715K, committed 100608K, reserved 557056K
  class space    used 14022K, committed 14464K, reserved 425984K
}

