# JRE version: OpenJDK Runtime Environment Microsoft-8035246 (17.0.8+7) (build 17.0.8+7-LTS)
# Java VM: OpenJDK 64-Bit Server VM Microsoft-8035246 (17.0.8+7-LTS, mixed mode, sharing, tiered, compressed oops, compressed class ptrs, g1 gc, windows-amd64)
GC Precious Log:
 CPUs: 4 total, 4 available
 Memory: 16222M
 Large Page Support: Disabled
 NUMA Support: Disabled
 Compressed Oops: Enabled (32-bit)
 Heap Region Size: 1M
 Heap Min Capacity: 8M
 Heap Initial Capacity: 254M
 Heap Max Capacity: 2G
 Pre-touch: Disabled
 Parallel Workers: 4
 Concurrent Workers: 1
 Concurrent Refinement Workers: 4
 Periodic GC: Disabled
Heap:
 garbage-first heap   total 86016K, used 45588K [0x0000000080000000, 0x0000000100000000)
  region size 1024K, 13 young (13312K), 3 survivors (3072K)
 Metaspace       used 42212K, committed 42752K, reserved 491520K
  class space    used 5995K, committed 6208K, reserved 425984K
GC Heap History (20 events):
Event: 0.471 GC heap before
{Heap before GC invocations=0 (full 0):
 garbage-first heap   total 260096K, used 13312K [0x0000000080000000, 0x0000000100000000)
  region size 1024K, 13 young (13312K), 0 survivors (0K)
 Metaspace       used 1013K, committed 1152K, reserved 491520K
  class space    used 75K, committed 128K, reserved 425984K
}
Event: 0.474 GC heap after
{Heap after GC invocations=1 (full 0):
 garbage-first heap   total 260096K, used 3530K [0x0000000080000000, 0x0000000100000000)
  region size 1024K, 2 young (2048K), 2 survivors (2048K)
 Metaspace       used 1013K, committed 1152K, reserved 491520K
  class space    used 75K, committed 128K, reserved 425984K
}
Event: 1.040 GC heap before
{Heap before GC invocations=1 (full 0):
 garbage-first heap   total 260096K, used 21962K [0x0000000080000000, 0x0000000100000000)
  region size 1024K, 17 young (17408K), 2 survivors (2048K)
 Metaspace       used 3774K, committed 3968K, reserved 491520K
  class space    used 478K, committed 576K, reserved 425984K
}
Event: 1.044 GC heap after
{Heap after GC invocations=2 (full 0):
 garbage-first heap   total 260096K, used 10966K [0x0000000080000000, 0x0000000100000000)
  region size 1024K, 3 young (3072K), 3 survivors (3072K)
 Metaspace       used 3774K, committed 3968K, reserved 491520K
  class space    used 478K, committed 576K, reserved 425984K
}
Event: 1.473 GC heap before
{Heap before GC invocations=2 (full 0):
 garbage-first heap   total 260096K, used 33494K [0x0000000080000000, 0x0000000100000000)
  region size 1024K, 25 young (25600K), 3 survivors (3072K)
 Metaspace       used 3988K, committed 4160K, reserved 491520K
  class space    used 490K, committed 576K, reserved 425984K
}
Event: 1.476 GC heap after
{Heap after GC invocations=3 (full 0):
 garbage-first heap   total 260096K, used 11672K [0x0000000080000000, 0x0000000100000000)
  region size 1024K, 1 young (1024K), 1 survivors (1024K)
 Metaspace       used 3988K, committed 4160K, reserved 491520K
  class space    used 490K, committed 576K, reserved 425984K
}
Event: 5.223 GC heap before
{Heap before GC invocations=3 (full 0):
 garbage-first heap   total 260096K, used 131480K [0x0000000080000000, 0x0000000100000000)
  region size 1024K, 119 young (121856K), 1 survivors (1024K)
 Metaspace       used 21209K, committed 21504K, reserved 491520K
  class space    used 3112K, committed 3264K, reserved 425984K
}
Event: 5.237 GC heap after
{Heap after GC invocations=4 (full 0):
 garbage-first heap   total 260096K, used 22811K [0x0000000080000000, 0x0000000100000000)
  region size 1024K, 12 young (12288K), 12 survivors (12288K)
 Metaspace       used 21209K, committed 21504K, reserved 491520K
  class space    used 3112K, committed 3264K, reserved 425984K
}
Event: 6.067 GC heap before
{Heap before GC invocations=5 (full 0):
 garbage-first heap   total 86016K, used 61723K [0x0000000080000000, 0x0000000100000000)
  region size 1024K, 50 young (51200K), 12 survivors (12288K)
 Metaspace       used 26550K, committed 26880K, reserved 491520K
  class space    used 3863K, committed 4032K, reserved 425984K
}
Event: 6.081 GC heap after
{Heap after GC invocations=6 (full 0):
 garbage-first heap   total 86016K, used 26127K [0x0000000080000000, 0x0000000100000000)
  region size 1024K, 3 young (3072K), 3 survivors (3072K)
 Metaspace       used 26550K, committed 26880K, reserved 491520K
  class space    used 3863K, committed 4032K, reserved 425984K
}
Event: 7.026 GC heap before
{Heap before GC invocations=6 (full 0):
 garbage-first heap   total 86016K, used 64015K [0x0000000080000000, 0x0000000100000000)
  region size 1024K, 41 young (41984K), 3 survivors (3072K)
 Metaspace       used 31741K, committed 32064K, reserved 491520K
  class space    used 4495K, committed 4672K, reserved 425984K
}
Event: 7.034 GC heap after
{Heap after GC invocations=7 (full 0):
 garbage-first heap   total 86016K, used 29204K [0x0000000080000000, 0x0000000100000000)
  region size 1024K, 6 young (6144K), 6 survivors (6144K)
 Metaspace       used 31741K, committed 32064K, reserved 491520K
  class space    used 4495K, committed 4672K, reserved 425984K
}
Event: 8.382 GC heap before
{Heap before GC invocations=7 (full 0):
 garbage-first heap   total 86016K, used 69140K [0x0000000080000000, 0x0000000100000000)
  region size 1024K, 41 young (41984K), 6 survivors (6144K)
 Metaspace       used 34524K, committed 34944K, reserved 491520K
  class space    used 4795K, committed 4992K, reserved 425984K
}
Event: 8.394 GC heap after
{Heap after GC invocations=8 (full 0):
 garbage-first heap   total 86016K, used 32568K [0x0000000080000000, 0x0000000100000000)
  region size 1024K, 4 young (4096K), 4 survivors (4096K)
 Metaspace       used 34524K, committed 34944K, reserved 491520K
  class space    used 4795K, committed 4992K, reserved 425984K
}
Event: 14.320 GC heap before
{Heap before GC invocations=8 (full 0):
 garbage-first heap   total 86016K, used 48952K [0x0000000080000000, 0x0000000100000000)
  region size 1024K, 21 young (21504K), 4 survivors (4096K)
 Metaspace       used 35551K, committed 35968K, reserved 491520K
  class space    used 4928K, committed 5120K, reserved 425984K
}
Event: 14.328 GC heap after
{Heap after GC invocations=9 (full 0):
 garbage-first heap   total 86016K, used 33487K [0x0000000080000000, 0x0000000100000000)
  region size 1024K, 2 young (2048K), 2 survivors (2048K)
 Metaspace       used 35551K, committed 35968K, reserved 491520K
  class space    used 4928K, committed 5120K, reserved 425984K
}
Event: 15.075 GC heap before
{Heap before GC invocations=10 (full 0):
 garbage-first heap   total 86016K, used 66255K [0x0000000080000000, 0x0000000100000000)
  region size 1024K, 34 young (34816K), 2 survivors (2048K)
 Metaspace       used 37866K, committed 38336K, reserved 491520K
  class space    used 5292K, committed 5504K, reserved 425984K
}
Event: 15.082 GC heap after
{Heap after GC invocations=11 (full 0):
 garbage-first heap   total 86016K, used 35017K [0x0000000080000000, 0x0000000100000000)
  region size 1024K, 3 young (3072K), 3 survivors (3072K)
 Metaspace       used 37866K, committed 38336K, reserved 491520K
  class space    used 5292K, committed 5504K, reserved 425984K
}
Event: 15.938 GC heap before
{Heap before GC invocations=11 (full 0):
 garbage-first heap   total 86016K, used 67785K [0x0000000080000000, 0x0000000100000000)
  region size 1024K, 35 young (35840K), 3 survivors (3072K)
 Metaspace       used 41431K, committed 41920K, reserved 491520K
  class space    used 5855K, committed 6080K, reserved 425984K
}
Event: 15.944 GC heap after
{Heap after GC invocations=12 (full 0):
 garbage-first heap   total 86016K, used 36372K [0x0000000080000000, 0x0000000100000000)
  region size 1024K, 3 young (3072K), 3 survivors (3072K)
 Metaspace       used 41431K, committed 41920K, reserved 491520K
  class space    used 5855K, committed 6080K, reserved 425984K
}

