# JRE version: OpenJDK Runtime Environment Microsoft-8035246 (17.0.8+7) (build 17.0.8+7-LTS)
# Java VM: OpenJDK 64-Bit Server VM Microsoft-8035246 (17.0.8+7-LTS, mixed mode, sharing, tiered, compressed oops, compressed class ptrs, g1 gc, windows-amd64)
GC Precious Log:
 CPUs: 4 total, 4 available
 Memory: 16222M
 Large Page Support: Disabled
 NUMA Support: Disabled
 Compressed Oops: Enabled (32-bit)
 Heap Region Size: 1M
 Heap Min Capacity: 8M
 Heap Initial Capacity: 254M
 Heap Max Capacity: 2G
 Pre-touch: Disabled
 Parallel Workers: 4
 Concurrent Workers: 1
 Concurrent Refinement Workers: 4
 Periodic GC: Disabled
Heap:
 garbage-first heap   total 494592K, used 242266K [0x0000000080000000, 0x0000000100000000)
  region size 1024K, 31 young (31744K), 14 survivors (14336K)
 Metaspace       used 107609K, committed 108928K, reserved 557056K
  class space    used 14961K, committed 15552K, reserved 425984K
GC Heap History (20 events):
Event: 57.001 GC heap before
{Heap before GC invocations=46 (full 0):
 garbage-first heap   total 268288K, used 164001K [0x0000000080000000, 0x0000000100000000)
  region size 1024K, 13 young (13312K), 7 survivors (7168K)
 Metaspace       used 96743K, committed 97856K, reserved 557056K
  class space    used 13602K, committed 14144K, reserved 425984K
}
Event: 57.014 GC heap after
{Heap after GC invocations=47 (full 0):
 garbage-first heap   total 268288K, used 157847K [0x0000000080000000, 0x0000000100000000)
  region size 1024K, 2 young (2048K), 2 survivors (2048K)
 Metaspace       used 96743K, committed 97856K, reserved 557056K
  class space    used 13602K, committed 14144K, reserved 425984K
}
Event: 57.814 GC heap before
{Heap before GC invocations=47 (full 0):
 garbage-first heap   total 268288K, used 212119K [0x0000000080000000, 0x0000000100000000)
  region size 1024K, 51 young (52224K), 2 survivors (2048K)
 Metaspace       used 97219K, committed 98432K, reserved 557056K
  class space    used 13657K, committed 14208K, reserved 425984K
}
Event: 57.830 GC heap after
{Heap after GC invocations=48 (full 0):
 garbage-first heap   total 322560K, used 170345K [0x0000000080000000, 0x0000000100000000)
  region size 1024K, 7 young (7168K), 7 survivors (7168K)
 Metaspace       used 97219K, committed 98432K, reserved 557056K
  class space    used 13657K, committed 14208K, reserved 425984K
}
Event: 59.246 GC heap before
{Heap before GC invocations=49 (full 0):
 garbage-first heap   total 322560K, used 238953K [0x0000000080000000, 0x0000000100000000)
  region size 1024K, 74 young (75776K), 7 survivors (7168K)
 Metaspace       used 99126K, committed 100416K, reserved 557056K
  class space    used 13876K, committed 14464K, reserved 425984K
}
Event: 59.266 GC heap after
{Heap after GC invocations=50 (full 0):
 garbage-first heap   total 322560K, used 183434K [0x0000000080000000, 0x0000000100000000)
  region size 1024K, 10 young (10240K), 10 survivors (10240K)
 Metaspace       used 99126K, committed 100416K, reserved 557056K
  class space    used 13876K, committed 14464K, reserved 425984K
}
Event: 59.340 GC heap before
{Heap before GC invocations=50 (full 0):
 garbage-first heap   total 322560K, used 187530K [0x0000000080000000, 0x0000000100000000)
  region size 1024K, 15 young (15360K), 10 survivors (10240K)
 Metaspace       used 99145K, committed 100416K, reserved 557056K
  class space    used 13878K, committed 14464K, reserved 425984K
}
Event: 59.354 GC heap after
{Heap after GC invocations=51 (full 0):
 garbage-first heap   total 322560K, used 182591K [0x0000000080000000, 0x0000000100000000)
  region size 1024K, 2 young (2048K), 2 survivors (2048K)
 Metaspace       used 99145K, committed 100416K, reserved 557056K
  class space    used 13878K, committed 14464K, reserved 425984K
}
Event: 60.365 GC heap before
{Heap before GC invocations=51 (full 0):
 garbage-first heap   total 322560K, used 248127K [0x0000000080000000, 0x0000000100000000)
  region size 1024K, 64 young (65536K), 2 survivors (2048K)
 Metaspace       used 102218K, committed 103488K, reserved 557056K
  class space    used 14351K, committed 14912K, reserved 425984K
}
Event: 60.378 GC heap after
{Heap after GC invocations=52 (full 0):
 garbage-first heap   total 322560K, used 191225K [0x0000000080000000, 0x0000000100000000)
  region size 1024K, 8 young (8192K), 8 survivors (8192K)
 Metaspace       used 102218K, committed 103488K, reserved 557056K
  class space    used 14351K, committed 14912K, reserved 425984K
}
Event: 61.582 GC heap before
{Heap before GC invocations=52 (full 0):
 garbage-first heap   total 322560K, used 252665K [0x0000000080000000, 0x0000000100000000)
  region size 1024K, 68 young (69632K), 8 survivors (8192K)
 Metaspace       used 105002K, committed 106240K, reserved 557056K
  class space    used 14672K, committed 15232K, reserved 425984K
}
Event: 61.621 GC heap after
{Heap after GC invocations=53 (full 0):
 garbage-first heap   total 322560K, used 200281K [0x0000000080000000, 0x0000000100000000)
  region size 1024K, 9 young (9216K), 9 survivors (9216K)
 Metaspace       used 105002K, committed 106240K, reserved 557056K
  class space    used 14672K, committed 15232K, reserved 425984K
}
Event: 62.454 GC heap before
{Heap before GC invocations=53 (full 0):
 garbage-first heap   total 322560K, used 258649K [0x0000000080000000, 0x0000000100000000)
  region size 1024K, 66 young (67584K), 9 survivors (9216K)
 Metaspace       used 106297K, committed 107648K, reserved 557056K
  class space    used 14819K, committed 15424K, reserved 425984K
}
Event: 62.480 GC heap after
{Heap after GC invocations=54 (full 0):
 garbage-first heap   total 322560K, used 207041K [0x0000000080000000, 0x0000000100000000)
  region size 1024K, 7 young (7168K), 7 survivors (7168K)
 Metaspace       used 106297K, committed 107648K, reserved 557056K
  class space    used 14819K, committed 15424K, reserved 425984K
}
Event: 63.210 GC heap before
{Heap before GC invocations=54 (full 0):
 garbage-first heap   total 322560K, used 262337K [0x0000000080000000, 0x0000000100000000)
  region size 1024K, 61 young (62464K), 7 survivors (7168K)
 Metaspace       used 106495K, committed 107840K, reserved 557056K
  class space    used 14828K, committed 15424K, reserved 425984K
}
Event: 63.237 GC heap after
{Heap after GC invocations=55 (full 0):
 garbage-first heap   total 322560K, used 212008K [0x0000000080000000, 0x0000000100000000)
  region size 1024K, 5 young (5120K), 5 survivors (5120K)
 Metaspace       used 106495K, committed 107840K, reserved 557056K
  class space    used 14828K, committed 15424K, reserved 425984K
}
Event: 63.982 GC heap before
{Heap before GC invocations=55 (full 0):
 garbage-first heap   total 322560K, used 266280K [0x0000000080000000, 0x0000000100000000)
  region size 1024K, 58 young (59392K), 5 survivors (5120K)
 Metaspace       used 107230K, committed 108608K, reserved 557056K
  class space    used 14917K, committed 15552K, reserved 425984K
}
Event: 64.008 GC heap after
{Heap after GC invocations=56 (full 0):
 garbage-first heap   total 494592K, used 219359K [0x0000000080000000, 0x0000000100000000)
  region size 1024K, 8 young (8192K), 8 survivors (8192K)
 Metaspace       used 107230K, committed 108608K, reserved 557056K
  class space    used 14917K, committed 15552K, reserved 425984K
}
Event: 65.973 GC heap before
{Heap before GC invocations=56 (full 0):
 garbage-first heap   total 494592K, used 370911K [0x0000000080000000, 0x0000000100000000)
  region size 1024K, 156 young (159744K), 8 survivors (8192K)
 Metaspace       used 107609K, committed 108928K, reserved 557056K
  class space    used 14961K, committed 15552K, reserved 425984K
}
Event: 65.997 GC heap after
{Heap after GC invocations=57 (full 0):
 garbage-first heap   total 494592K, used 225882K [0x0000000080000000, 0x0000000100000000)
  region size 1024K, 14 young (14336K), 14 survivors (14336K)
 Metaspace       used 107609K, committed 108928K, reserved 557056K
  class space    used 14961K, committed 15552K, reserved 425984K
}

